# JRE version: OpenJDK Runtime Environment (8.0_242-b01) (build 1.8.0_242-release-1644-b01)
# Java VM: OpenJDK 64-Bit Server VM (25.242-b01 mixed mode windows-amd64 compressed oops)
Heap:
 PSYoungGen      total 37376K, used 18382K [0x00000000e0000000, 0x00000000e3080000, 0x0000000100000000)
  eden space 31744K, 49% used [0x00000000e0000000,0x00000000e0f34ed8,0x00000000e1f00000)
  from space 5632K, 49% used [0x00000000e2480000,0x00000000e273ecb8,0x00000000e2a00000)
  to   space 5632K, 0% used [0x00000000e1f00000,0x00000000e1f00000,0x00000000e2480000)
 ParOldGen       total 62976K, used 35774K [0x00000000a0000000, 0x00000000a3d80000, 0x00000000e0000000)
  object space 62976K, 56% used [0x00000000a0000000,0x00000000a22ef8f8,0x00000000a3d80000)
 Metaspace       used 65589K, capacity 67724K, committed 67968K, reserved 1107968K
  class space    used 8780K, capacity 9295K, committed 9344K, reserved 1048576K
GC Heap History (10 events):
Event: 187.323 GC heap before
{Heap before GC invocations=29 (full 3):
 PSYoungGen      total 32768K, used 1413K [0x00000000e0000000, 0x00000000e2680000, 0x0000000100000000)
  eden space 27136K, 0% used [0x00000000e0000000,0x00000000e0000000,0x00000000e1a80000)
  from space 5632K, 25% used [0x00000000e2100000,0x00000000e2261580,0x00000000e2680000)
  to   space 6144K, 0% used [0x00000000e1a80000,0x00000000e1a80000,0x00000000e2080000)
 ParOldGen       total 47104K, used 30754K [0x00000000a0000000, 0x00000000a2e00000, 0x00000000e0000000)
  object space 47104K, 65% used [0x00000000a0000000,0x00000000a1e088d8,0x00000000a2e00000)
 Metaspace       used 57484K, capacity 59056K, committed 59160K, reserved 1099776K
  class space    used 7695K, capacity 8105K, committed 8192K, reserved 1048576K
Event: 187.735 GC heap after
Heap after GC invocations=29 (full 3):
 PSYoungGen      total 32768K, used 0K [0x00000000e0000000, 0x00000000e2680000, 0x0000000100000000)
  eden space 27136K, 0% used [0x00000000e0000000,0x00000000e0000000,0x00000000e1a80000)
  from space 5632K, 0% used [0x00000000e2100000,0x00000000e2100000,0x00000000e2680000)
  to   space 6144K, 0% used [0x00000000e1a80000,0x00000000e1a80000,0x00000000e2080000)
 ParOldGen       total 62976K, used 30449K [0x00000000a0000000, 0x00000000a3d80000, 0x00000000e0000000)
  object space 62976K, 48% used [0x00000000a0000000,0x00000000a1dbc700,0x00000000a3d80000)
 Metaspace       used 57479K, capacity 59038K, committed 59160K, reserved 1099776K
  class space    used 7694K, capacity 8102K, committed 8192K, reserved 1048576K
}
Event: 190.147 GC heap before
{Heap before GC invocations=30 (full 3):
 PSYoungGen      total 32768K, used 27136K [0x00000000e0000000, 0x00000000e2680000, 0x0000000100000000)
  eden space 27136K, 100% used [0x00000000e0000000,0x00000000e1a80000,0x00000000e1a80000)
  from space 5632K, 0% used [0x00000000e2100000,0x00000000e2100000,0x00000000e2680000)
  to   space 6144K, 0% used [0x00000000e1a80000,0x00000000e1a80000,0x00000000e2080000)
 ParOldGen       total 62976K, used 30449K [0x00000000a0000000, 0x00000000a3d80000, 0x00000000e0000000)
  object space 62976K, 48% used [0x00000000a0000000,0x00000000a1dbc700,0x00000000a3d80000)
 Metaspace       used 59755K, capacity 61570K, committed 61696K, reserved 1101824K
  class space    used 7998K, capacity 8438K, committed 8448K, reserved 1048576K
Event: 190.172 GC heap after
Heap after GC invocations=30 (full 3):
 PSYoungGen      total 33280K, used 2874K [0x00000000e0000000, 0x00000000e2c00000, 0x0000000100000000)
  eden space 27136K, 0% used [0x00000000e0000000,0x00000000e0000000,0x00000000e1a80000)
  from space 6144K, 46% used [0x00000000e1a80000,0x00000000e1d4e9c0,0x00000000e2080000)
  to   space 6144K, 0% used [0x00000000e2600000,0x00000000e2600000,0x00000000e2c00000)
 ParOldGen       total 62976K, used 30521K [0x00000000a0000000, 0x00000000a3d80000, 0x00000000e0000000)
  object space 62976K, 48% used [0x00000000a0000000,0x00000000a1dce710,0x00000000a3d80000)
 Metaspace       used 59755K, capacity 61570K, committed 61696K, reserved 1101824K
  class space    used 7998K, capacity 8438K, committed 8448K, reserved 1048576K
}
Event: 192.545 GC heap before
{Heap before GC invocations=31 (full 3):
 PSYoungGen      total 33280K, used 30010K [0x00000000e0000000, 0x00000000e2c00000, 0x0000000100000000)
  eden space 27136K, 100% used [0x00000000e0000000,0x00000000e1a80000,0x00000000e1a80000)
  from space 6144K, 46% used [0x00000000e1a80000,0x00000000e1d4e9c0,0x00000000e2080000)
  to   space 6144K, 0% used [0x00000000e2600000,0x00000000e2600000,0x00000000e2c00000)
 ParOldGen       total 62976K, used 30521K [0x00000000a0000000, 0x00000000a3d80000, 0x00000000e0000000)
  object space 62976K, 48% used [0x00000000a0000000,0x00000000a1dce710,0x00000000a3d80000)
 Metaspace       used 61335K, capacity 63278K, committed 63360K, reserved 1103872K
  class space    used 8260K, capacity 8750K, committed 8832K, reserved 1048576K
Event: 192.559 GC heap after
Heap after GC invocations=31 (full 3):
 PSYoungGen      total 37888K, used 1984K [0x00000000e0000000, 0x00000000e2b80000, 0x0000000100000000)
  eden space 32256K, 0% used [0x00000000e0000000,0x00000000e0000000,0x00000000e1f80000)
  from space 5632K, 35% used [0x00000000e2600000,0x00000000e27f0000,0x00000000e2b80000)
  to   space 6144K, 0% used [0x00000000e1f80000,0x00000000e1f80000,0x00000000e2580000)
 ParOldGen       total 62976K, used 32519K [0x00000000a0000000, 0x00000000a3d80000, 0x00000000e0000000)
  object space 62976K, 51% used [0x00000000a0000000,0x00000000a1fc1eb8,0x00000000a3d80000)
 Metaspace       used 61335K, capacity 63278K, committed 63360K, reserved 1103872K
  class space    used 8260K, capacity 8750K, committed 8832K, reserved 1048576K
}
Event: 199.033 GC heap before
{Heap before GC invocations=32 (full 3):
 PSYoungGen      total 37888K, used 34240K [0x00000000e0000000, 0x00000000e2b80000, 0x0000000100000000)
  eden space 32256K, 100% used [0x00000000e0000000,0x00000000e1f80000,0x00000000e1f80000)
  from space 5632K, 35% used [0x00000000e2600000,0x00000000e27f0000,0x00000000e2b80000)
  to   space 6144K, 0% used [0x00000000e1f80000,0x00000000e1f80000,0x00000000e2580000)
 ParOldGen       total 62976K, used 32519K [0x00000000a0000000, 0x00000000a3d80000, 0x00000000e0000000)
  object space 62976K, 51% used [0x00000000a0000000,0x00000000a1fc1eb8,0x00000000a3d80000)
 Metaspace       used 63094K, capacity 65052K, committed 65280K, reserved 1105920K
  class space    used 8476K, capacity 8934K, committed 8960K, reserved 1048576K
Event: 199.050 GC heap after
Heap after GC invocations=32 (full 3):
 PSYoungGen      total 35328K, used 3262K [0x00000000e0000000, 0x00000000e2a00000, 0x0000000100000000)
  eden space 31744K, 0% used [0x00000000e0000000,0x00000000e0000000,0x00000000e1f00000)
  from space 3584K, 91% used [0x00000000e1f80000,0x00000000e22afbc0,0x00000000e2300000)
  to   space 5632K, 0% used [0x00000000e2480000,0x00000000e2480000,0x00000000e2a00000)
 ParOldGen       total 62976K, used 33695K [0x00000000a0000000, 0x00000000a3d80000, 0x00000000e0000000)
  object space 62976K, 53% used [0x00000000a0000000,0x00000000a20e7eb8,0x00000000a3d80000)
 Metaspace       used 63094K, capacity 65052K, committed 65280K, reserved 1105920K
  class space    used 8476K, capacity 8934K, committed 8960K, reserved 1048576K
}
Event: 200.550 GC heap before
{Heap before GC invocations=33 (full 3):
 PSYoungGen      total 35328K, used 35006K [0x00000000e0000000, 0x00000000e2a00000, 0x0000000100000000)
  eden space 31744K, 100% used [0x00000000e0000000,0x00000000e1f00000,0x00000000e1f00000)
  from space 3584K, 91% used [0x00000000e1f80000,0x00000000e22afbc0,0x00000000e2300000)
  to   space 5632K, 0% used [0x00000000e2480000,0x00000000e2480000,0x00000000e2a00000)
 ParOldGen       total 62976K, used 33695K [0x00000000a0000000, 0x00000000a3d80000, 0x00000000e0000000)
  object space 62976K, 53% used [0x00000000a0000000,0x00000000a20e7eb8,0x00000000a3d80000)
 Metaspace       used 64061K, capacity 66180K, committed 66432K, reserved 1105920K
  class space    used 8591K, capacity 9088K, committed 9088K, reserved 1048576K
Event: 200.574 GC heap after
Heap after GC invocations=33 (full 3):
 PSYoungGen      total 37376K, used 2811K [0x00000000e0000000, 0x00000000e3080000, 0x0000000100000000)
  eden space 31744K, 0% used [0x00000000e0000000,0x00000000e0000000,0x00000000e1f00000)
  from space 5632K, 49% used [0x00000000e2480000,0x00000000e273ecb8,0x00000000e2a00000)
  to   space 5632K, 0% used [0x00000000e1f00000,0x00000000e1f00000,0x00000000e2480000)
 ParOldGen       total 62976K, used 35774K [0x00000000a0000000, 0x00000000a3d80000, 0x00000000e0000000)
  object space 62976K, 56% used [0x00000000a0000000,0x00000000a22ef8f8,0x00000000a3d80000)
 Metaspace       used 64061K, capacity 66180K, committed 66432K, reserved 1105920K
  class space    used 8591K, capacity 9088K, committed 9088K, reserved 1048576K
}

