# JRE version: OpenJDK Runtime Environment (8.0_242-b01) (build 1.8.0_242-release-1644-b01)
# Java VM: OpenJDK 64-Bit Server VM (25.242-b01 mixed mode windows-amd64 compressed oops)
Heap:
 PSYoungGen      total 181760K, used 132425K [0x00000000e0000000, 0x00000000ee100000, 0x0000000100000000)
  eden space 133120K, 98% used [0x00000000e0000000,0x00000000e7f8b1a0,0x00000000e8200000)
  from space 48640K, 3% used [0x00000000eb180000,0x00000000eb3472a0,0x00000000ee100000)
  to   space 48640K, 0% used [0x00000000e8200000,0x00000000e8200000,0x00000000eb180000)
 ParOldGen       total 110592K, used 50318K [0x00000000a0000000, 0x00000000a6c00000, 0x00000000e0000000)
  object space 110592K, 45% used [0x00000000a0000000,0x00000000a3123960,0x00000000a6c00000)
 Metaspace       used 79305K, capacity 82045K, committed 83160K, reserved 1122304K
  class space    used 10390K, capacity 10966K, committed 11264K, reserved 1048576K
GC Heap History (10 events):
Event: 304.436 GC heap before
{Heap before GC invocations=26 (full 3):
 PSYoungGen      total 144896K, used 125268K [0x00000000e0000000, 0x00000000ec300000, 0x0000000100000000)
  eden space 94720K, 100% used [0x00000000e0000000,0x00000000e5c80000,0x00000000e5c80000)
  from space 50176K, 60% used [0x00000000e8e80000,0x00000000eac55080,0x00000000ebf80000)
  to   space 51200K, 0% used [0x00000000e5c80000,0x00000000e5c80000,0x00000000e8e80000)
 ParOldGen       total 110592K, used 87170K [0x00000000a0000000, 0x00000000a6c00000, 0x00000000e0000000)
  object space 110592K, 78% used [0x00000000a0000000,0x00000000a5520b30,0x00000000a6c00000)
 Metaspace       used 79838K, capacity 83003K, committed 83160K, reserved 1122304K
  class space    used 10543K, capacity 11189K, committed 11264K, reserved 1048576K
Event: 304.539 GC heap after
Heap after GC invocations=26 (full 3):
 PSYoungGen      total 145920K, used 12870K [0x00000000e0000000, 0x00000000ed900000, 0x0000000100000000)
  eden space 94720K, 0% used [0x00000000e0000000,0x00000000e0000000,0x00000000e5c80000)
  from space 51200K, 25% used [0x00000000e5c80000,0x00000000e6911a98,0x00000000e8e80000)
  to   space 49664K, 0% used [0x00000000ea880000,0x00000000ea880000,0x00000000ed900000)
 ParOldGen       total 110592K, used 101916K [0x00000000a0000000, 0x00000000a6c00000, 0x00000000e0000000)
  object space 110592K, 92% used [0x00000000a0000000,0x00000000a6387388,0x00000000a6c00000)
 Metaspace       used 79838K, capacity 83003K, committed 83160K, reserved 1122304K
  class space    used 10543K, capacity 11189K, committed 11264K, reserved 1048576K
}
Event: 304.641 GC heap before
{Heap before GC invocations=27 (full 4):
 PSYoungGen      total 145920K, used 12870K [0x00000000e0000000, 0x00000000ed900000, 0x0000000100000000)
  eden space 94720K, 0% used [0x00000000e0000000,0x00000000e0000000,0x00000000e5c80000)
  from space 51200K, 25% used [0x00000000e5c80000,0x00000000e6911a98,0x00000000e8e80000)
  to   space 49664K, 0% used [0x00000000ea880000,0x00000000ea880000,0x00000000ed900000)
 ParOldGen       total 110592K, used 101916K [0x00000000a0000000, 0x00000000a6c00000, 0x00000000e0000000)
  object space 110592K, 92% used [0x00000000a0000000,0x00000000a6387388,0x00000000a6c00000)
 Metaspace       used 79838K, capacity 83003K, committed 83160K, reserved 1122304K
  class space    used 10543K, capacity 11189K, committed 11264K, reserved 1048576K
Event: 312.843 GC heap after
Heap after GC invocations=27 (full 4):
 PSYoungGen      total 145920K, used 0K [0x00000000e0000000, 0x00000000ed900000, 0x0000000100000000)
  eden space 94720K, 0% used [0x00000000e0000000,0x00000000e0000000,0x00000000e5c80000)
  from space 51200K, 0% used [0x00000000e5c80000,0x00000000e5c80000,0x00000000e8e80000)
  to   space 49664K, 0% used [0x00000000ea880000,0x00000000ea880000,0x00000000ed900000)
 ParOldGen       total 110592K, used 49606K [0x00000000a0000000, 0x00000000a6c00000, 0x00000000e0000000)
  object space 110592K, 44% used [0x00000000a0000000,0x00000000a3071950,0x00000000a6c00000)
 Metaspace       used 78709K, capacity 81381K, committed 83160K, reserved 1122304K
  class space    used 10357K, capacity 10922K, committed 11264K, reserved 1048576K
}
Event: 316.275 GC heap before
{Heap before GC invocations=28 (full 4):
 PSYoungGen      total 145920K, used 94720K [0x00000000e0000000, 0x00000000ed900000, 0x0000000100000000)
  eden space 94720K, 100% used [0x00000000e0000000,0x00000000e5c80000,0x00000000e5c80000)
  from space 51200K, 0% used [0x00000000e5c80000,0x00000000e5c80000,0x00000000e8e80000)
  to   space 49664K, 0% used [0x00000000ea880000,0x00000000ea880000,0x00000000ed900000)
 ParOldGen       total 110592K, used 49606K [0x00000000a0000000, 0x00000000a6c00000, 0x00000000e0000000)
  object space 110592K, 44% used [0x00000000a0000000,0x00000000a3071950,0x00000000a6c00000)
 Metaspace       used 78860K, capacity 81589K, committed 83160K, reserved 1122304K
  class space    used 10370K, capacity 10958K, committed 11264K, reserved 1048576K
Event: 316.335 GC heap after
Heap after GC invocations=28 (full 4):
 PSYoungGen      total 156160K, used 1952K [0x00000000e0000000, 0x00000000ed100000, 0x0000000100000000)
  eden space 114688K, 0% used [0x00000000e0000000,0x00000000e0000000,0x00000000e7000000)
  from space 41472K, 4% used [0x00000000ea880000,0x00000000eaa68000,0x00000000ed100000)
  to   space 49664K, 0% used [0x00000000e7000000,0x00000000e7000000,0x00000000ea080000)
 ParOldGen       total 110592K, used 49614K [0x00000000a0000000, 0x00000000a6c00000, 0x00000000e0000000)
  object space 110592K, 44% used [0x00000000a0000000,0x00000000a3073950,0x00000000a6c00000)
 Metaspace       used 78860K, capacity 81589K, committed 83160K, reserved 1122304K
  class space    used 10370K, capacity 10958K, committed 11264K, reserved 1048576K
}
Event: 322.765 GC heap before
{Heap before GC invocations=29 (full 4):
 PSYoungGen      total 156160K, used 116640K [0x00000000e0000000, 0x00000000ed100000, 0x0000000100000000)
  eden space 114688K, 100% used [0x00000000e0000000,0x00000000e7000000,0x00000000e7000000)
  from space 41472K, 4% used [0x00000000ea880000,0x00000000eaa68000,0x00000000ed100000)
  to   space 49664K, 0% used [0x00000000e7000000,0x00000000e7000000,0x00000000ea080000)
 ParOldGen       total 110592K, used 49614K [0x00000000a0000000, 0x00000000a6c00000, 0x00000000e0000000)
  object space 110592K, 44% used [0x00000000a0000000,0x00000000a3073950,0x00000000a6c00000)
 Metaspace       used 79058K, capacity 81751K, committed 83160K, reserved 1122304K
  class space    used 10383K, capacity 10961K, committed 11264K, reserved 1048576K
Event: 322.846 GC heap after
Heap after GC invocations=29 (full 4):
 PSYoungGen      total 164352K, used 3561K [0x00000000e0000000, 0x00000000ee180000, 0x0000000100000000)
  eden space 114688K, 0% used [0x00000000e0000000,0x00000000e0000000,0x00000000e7000000)
  from space 49664K, 7% used [0x00000000e7000000,0x00000000e737a550,0x00000000ea080000)
  to   space 49152K, 0% used [0x00000000eb180000,0x00000000eb180000,0x00000000ee180000)
 ParOldGen       total 110592K, used 49614K [0x00000000a0000000, 0x00000000a6c00000, 0x00000000e0000000)
  object space 110592K, 44% used [0x00000000a0000000,0x00000000a3073950,0x00000000a6c00000)
 Metaspace       used 79058K, capacity 81751K, committed 83160K, reserved 1122304K
  class space    used 10383K, capacity 10961K, committed 11264K, reserved 1048576K
}
Event: 324.512 GC heap before
{Heap before GC invocations=30 (full 4):
 PSYoungGen      total 164352K, used 118249K [0x00000000e0000000, 0x00000000ee180000, 0x0000000100000000)
  eden space 114688K, 100% used [0x00000000e0000000,0x00000000e7000000,0x00000000e7000000)
  from space 49664K, 7% used [0x00000000e7000000,0x00000000e737a550,0x00000000ea080000)
  to   space 49152K, 0% used [0x00000000eb180000,0x00000000eb180000,0x00000000ee180000)
 ParOldGen       total 110592K, used 49614K [0x00000000a0000000, 0x00000000a6c00000, 0x00000000e0000000)
  object space 110592K, 44% used [0x00000000a0000000,0x00000000a3073950,0x00000000a6c00000)
 Metaspace       used 79175K, capacity 81951K, committed 83160K, reserved 1122304K
  class space    used 10387K, capacity 10961K, committed 11264K, reserved 1048576K
Event: 324.549 GC heap after
Heap after GC invocations=30 (full 4):
 PSYoungGen      total 181760K, used 1820K [0x00000000e0000000, 0x00000000ee100000, 0x0000000100000000)
  eden space 133120K, 0% used [0x00000000e0000000,0x00000000e0000000,0x00000000e8200000)
  from space 48640K, 3% used [0x00000000eb180000,0x00000000eb3472a0,0x00000000ee100000)
  to   space 48640K, 0% used [0x00000000e8200000,0x00000000e8200000,0x00000000eb180000)
 ParOldGen       total 110592K, used 50318K [0x00000000a0000000, 0x00000000a6c00000, 0x00000000e0000000)
  object space 110592K, 45% used [0x00000000a0000000,0x00000000a3123960,0x00000000a6c00000)
 Metaspace       used 79175K, capacity 81951K, committed 83160K, reserved 1122304K
  class space    used 10387K, capacity 10961K, committed 11264K, reserved 1048576K
}

