# JRE version: OpenJDK Runtime Environment (8.0_242-b01) (build 1.8.0_242-release-1644-b01)
# Java VM: OpenJDK 64-Bit Server VM (25.242-b01 mixed mode windows-amd64 compressed oops)
Heap:
 PSYoungGen      total 174080K, used 65410K [0x00000000e0000000, 0x00000000ec480000, 0x0000000100000000)
  eden space 162304K, 33% used [0x00000000e0000000,0x00000000e347c190,0x00000000e9e80000)
  from space 11776K, 99% used [0x00000000eb900000,0x00000000ec464738,0x00000000ec480000)
  to   space 15360K, 0% used [0x00000000ea680000,0x00000000ea680000,0x00000000eb580000)
 ParOldGen       total 103424K, used 29774K [0x00000000a0000000, 0x00000000a6500000, 0x00000000e0000000)
  object space 103424K, 28% used [0x00000000a0000000,0x00000000a1d13bc8,0x00000000a6500000)
 Metaspace       used 62568K, capacity 64708K, committed 64984K, reserved 1105920K
  class space    used 8455K, capacity 8941K, committed 8960K, reserved 1048576K
GC Heap History (10 events):
Event: 27.527 GC heap before
{Heap before GC invocations=13 (full 2):
 PSYoungGen      total 118272K, used 108032K [0x00000000e0000000, 0x00000000e9300000, 0x0000000100000000)
  eden space 108032K, 100% used [0x00000000e0000000,0x00000000e6980000,0x00000000e6980000)
  from space 10240K, 0% used [0x00000000e7380000,0x00000000e7380000,0x00000000e7d80000)
  to   space 10240K, 0% used [0x00000000e6980000,0x00000000e6980000,0x00000000e7380000)
 ParOldGen       total 67584K, used 16881K [0x00000000a0000000, 0x00000000a4200000, 0x00000000e0000000)
  object space 67584K, 24% used [0x00000000a0000000,0x00000000a107c5f0,0x00000000a4200000)
 Metaspace       used 45346K, capacity 46342K, committed 46592K, reserved 1089536K
  class space    used 6110K, capacity 6380K, committed 6400K, reserved 1048576K
Event: 27.550 GC heap after
Heap after GC invocations=13 (full 2):
 PSYoungGen      total 118272K, used 10217K [0x00000000e0000000, 0x00000000ea400000, 0x0000000100000000)
  eden space 108032K, 0% used [0x00000000e0000000,0x00000000e0000000,0x00000000e6980000)
  from space 10240K, 99% used [0x00000000e6980000,0x00000000e737a410,0x00000000e7380000)
  to   space 13312K, 0% used [0x00000000e9700000,0x00000000e9700000,0x00000000ea400000)
 ParOldGen       total 67584K, used 21394K [0x00000000a0000000, 0x00000000a4200000, 0x00000000e0000000)
  object space 67584K, 31% used [0x00000000a0000000,0x00000000a14e4920,0x00000000a4200000)
 Metaspace       used 45346K, capacity 46342K, committed 46592K, reserved 1089536K
  class space    used 6110K, capacity 6380K, committed 6400K, reserved 1048576K
}
Event: 38.098 GC heap before
{Heap before GC invocations=14 (full 2):
 PSYoungGen      total 118272K, used 118249K [0x00000000e0000000, 0x00000000ea400000, 0x0000000100000000)
  eden space 108032K, 100% used [0x00000000e0000000,0x00000000e6980000,0x00000000e6980000)
  from space 10240K, 99% used [0x00000000e6980000,0x00000000e737a410,0x00000000e7380000)
  to   space 13312K, 0% used [0x00000000e9700000,0x00000000e9700000,0x00000000ea400000)
 ParOldGen       total 67584K, used 21394K [0x00000000a0000000, 0x00000000a4200000, 0x00000000e0000000)
  object space 67584K, 31% used [0x00000000a0000000,0x00000000a14e4920,0x00000000a4200000)
 Metaspace       used 54806K, capacity 56322K, committed 56576K, reserved 1097728K
  class space    used 7437K, capacity 7836K, committed 7936K, reserved 1048576K
Event: 38.128 GC heap after
Heap after GC invocations=14 (full 2):
 PSYoungGen      total 150528K, used 12212K [0x00000000e0000000, 0x00000000ea300000, 0x0000000100000000)
  eden space 138240K, 0% used [0x00000000e0000000,0x00000000e0000000,0x00000000e8700000)
  from space 12288K, 99% used [0x00000000e9700000,0x00000000ea2ed1c8,0x00000000ea300000)
  to   space 14336K, 0% used [0x00000000e8700000,0x00000000e8700000,0x00000000e9500000)
 ParOldGen       total 67584K, used 28538K [0x00000000a0000000, 0x00000000a4200000, 0x00000000e0000000)
  object space 67584K, 42% used [0x00000000a0000000,0x00000000a1bde9a8,0x00000000a4200000)
 Metaspace       used 54806K, capacity 56322K, committed 56576K, reserved 1097728K
  class space    used 7437K, capacity 7836K, committed 7936K, reserved 1048576K
}
Event: 42.903 GC heap before
{Heap before GC invocations=15 (full 2):
 PSYoungGen      total 150528K, used 53410K [0x00000000e0000000, 0x00000000ea300000, 0x0000000100000000)
  eden space 138240K, 29% used [0x00000000e0000000,0x00000000e283b720,0x00000000e8700000)
  from space 12288K, 99% used [0x00000000e9700000,0x00000000ea2ed1c8,0x00000000ea300000)
  to   space 14336K, 0% used [0x00000000e8700000,0x00000000e8700000,0x00000000e9500000)
 ParOldGen       total 67584K, used 28538K [0x00000000a0000000, 0x00000000a4200000, 0x00000000e0000000)
  object space 67584K, 42% used [0x00000000a0000000,0x00000000a1bde9a8,0x00000000a4200000)
 Metaspace       used 57400K, capacity 59060K, committed 59096K, reserved 1099776K
  class space    used 7781K, capacity 8159K, committed 8192K, reserved 1048576K
Event: 42.933 GC heap after
Heap after GC invocations=15 (full 2):
 PSYoungGen      total 152576K, used 8648K [0x00000000e0000000, 0x00000000ec700000, 0x0000000100000000)
  eden space 138240K, 0% used [0x00000000e0000000,0x00000000e0000000,0x00000000e8700000)
  from space 14336K, 60% used [0x00000000e8700000,0x00000000e8f720f8,0x00000000e9500000)
  to   space 14336K, 0% used [0x00000000eb900000,0x00000000eb900000,0x00000000ec700000)
 ParOldGen       total 67584K, used 28546K [0x00000000a0000000, 0x00000000a4200000, 0x00000000e0000000)
  object space 67584K, 42% used [0x00000000a0000000,0x00000000a1be09a8,0x00000000a4200000)
 Metaspace       used 57400K, capacity 59060K, committed 59096K, reserved 1099776K
  class space    used 7781K, capacity 8159K, committed 8192K, reserved 1048576K
}
Event: 42.933 GC heap before
{Heap before GC invocations=16 (full 3):
 PSYoungGen      total 152576K, used 8648K [0x00000000e0000000, 0x00000000ec700000, 0x0000000100000000)
  eden space 138240K, 0% used [0x00000000e0000000,0x00000000e0000000,0x00000000e8700000)
  from space 14336K, 60% used [0x00000000e8700000,0x00000000e8f720f8,0x00000000e9500000)
  to   space 14336K, 0% used [0x00000000eb900000,0x00000000eb900000,0x00000000ec700000)
 ParOldGen       total 67584K, used 28546K [0x00000000a0000000, 0x00000000a4200000, 0x00000000e0000000)
  object space 67584K, 42% used [0x00000000a0000000,0x00000000a1be09a8,0x00000000a4200000)
 Metaspace       used 57400K, capacity 59060K, committed 59096K, reserved 1099776K
  class space    used 7781K, capacity 8159K, committed 8192K, reserved 1048576K
Event: 43.747 GC heap after
Heap after GC invocations=16 (full 3):
 PSYoungGen      total 152576K, used 0K [0x00000000e0000000, 0x00000000ec700000, 0x0000000100000000)
  eden space 138240K, 0% used [0x00000000e0000000,0x00000000e0000000,0x00000000e8700000)
  from space 14336K, 0% used [0x00000000e8700000,0x00000000e8700000,0x00000000e9500000)
  to   space 14336K, 0% used [0x00000000eb900000,0x00000000eb900000,0x00000000ec700000)
 ParOldGen       total 103424K, used 29766K [0x00000000a0000000, 0x00000000a6500000, 0x00000000e0000000)
  object space 103424K, 28% used [0x00000000a0000000,0x00000000a1d11bc8,0x00000000a6500000)
 Metaspace       used 57400K, capacity 59060K, committed 59096K, reserved 1099776K
  class space    used 7781K, capacity 8159K, committed 8192K, reserved 1048576K
}
Event: 55.972 GC heap before
{Heap before GC invocations=17 (full 3):
 PSYoungGen      total 152576K, used 138240K [0x00000000e0000000, 0x00000000ec700000, 0x0000000100000000)
  eden space 138240K, 100% used [0x00000000e0000000,0x00000000e8700000,0x00000000e8700000)
  from space 14336K, 0% used [0x00000000e8700000,0x00000000e8700000,0x00000000e9500000)
  to   space 14336K, 0% used [0x00000000eb900000,0x00000000eb900000,0x00000000ec700000)
 ParOldGen       total 103424K, used 29766K [0x00000000a0000000, 0x00000000a6500000, 0x00000000e0000000)
  object space 103424K, 28% used [0x00000000a0000000,0x00000000a1d11bc8,0x00000000a6500000)
 Metaspace       used 60151K, capacity 62106K, committed 62296K, reserved 1103872K
  class space    used 8132K, capacity 8540K, committed 8576K, reserved 1048576K
Event: 56.028 GC heap after
Heap after GC invocations=17 (full 3):
 PSYoungGen      total 174080K, used 11665K [0x00000000e0000000, 0x00000000ec480000, 0x0000000100000000)
  eden space 162304K, 0% used [0x00000000e0000000,0x00000000e0000000,0x00000000e9e80000)
  from space 11776K, 99% used [0x00000000eb900000,0x00000000ec464738,0x00000000ec480000)
  to   space 15360K, 0% used [0x00000000ea680000,0x00000000ea680000,0x00000000eb580000)
 ParOldGen       total 103424K, used 29774K [0x00000000a0000000, 0x00000000a6500000, 0x00000000e0000000)
  object space 103424K, 28% used [0x00000000a0000000,0x00000000a1d13bc8,0x00000000a6500000)
 Metaspace       used 60151K, capacity 62106K, committed 62296K, reserved 1103872K
  class space    used 8132K, capacity 8540K, committed 8576K, reserved 1048576K
}

